{"timestamp":"2026-03-25T11:08:26.348Z","type":"INFO","message":"Bot arrancado","data":{"symbol":"BTCUSDT"}}
{"timestamp":"2026-03-25T11:08:26.699Z","type":"INFO","message":"Saldo inicial do dia definido","data":{"balance":10000}}
{"timestamp":"2026-03-25T11:08:27.450Z","type":"INFO","message":"Saldo: $10000.00 | Preço BTC: $71526.81","data":null}
{"timestamp":"2026-03-25T11:08:27.452Z","type":"INFO","message":"Análise de mercado","data":{"currentPrice":71526.8,"rsi":"64.58","smaFast":"71387.99","smaSlow":"71233.91"}}
{"timestamp":"2026-03-25T11:23:27.493Z","type":"INFO","message":"Saldo: $10000.00 | Preço BTC: $71689.91","data":null}
{"timestamp":"2026-03-25T11:23:27.494Z","type":"INFO","message":"Análise de mercado","data":{"currentPrice":71689.91,"rsi":"73.31","smaFast":"71433.56","smaSlow":"71265.78"}}
{"timestamp":"2026-03-25T11:32:12.411Z","type":"INFO","message":"Bot arrancado","data":{"symbol":"BTCUSDT"}}
{"timestamp":"2026-03-25T11:32:13.002Z","type":"INFO","message":"Saldo inicial do dia definido","data":{"balance":10000}}
{"timestamp":"2026-03-25T11:32:13.751Z","type":"INFO","message":"Análise de mercado","data":{"currentPrice":71975.12,"rsi":"82.42","smaFast":"71534.20","smaSlow":"71310.80"}}
{"timestamp":"2026-03-25T11:32:13.752Z","type":"INFO","message":"Saldo: $10000.00 | Preço BTC: $71911.32","data":null}
{"timestamp":"2026-03-25T11:47:13.845Z","type":"INFO","message":"Análise de mercado","data":{"currentPrice":71794,"rsi":"70.70","smaFast":"71574.46","smaSlow":"71330.67"}}
{"timestamp":"2026-03-25T11:47:13.848Z","type":"INFO","message":"Saldo: $10000.00 | Preço BTC: $71794.00","data":null}
{"timestamp":"2026-03-25T11:56:25.893Z","type":"INFO","message":"Bot arrancado","data":{"symbol":"BTCUSDT"}}
{"timestamp":"2026-03-25T11:56:26.412Z","type":"INFO","message":"Saldo inicial do dia definido","data":{"balance":10000}}
{"timestamp":"2026-03-25T11:56:27.155Z","type":"INFO","message":"Análise de mercado","data":{"currentPrice":71670.28,"rsi":"65.00","smaFast":"71560.71","smaSlow":"71324.78"}}
{"timestamp":"2026-03-25T11:56:27.156Z","type":"INFO","message":"Saldo: $10000.00 | Preço BTC: $71667.04","data":null}
{"timestamp":"2026-03-25T12:11:27.240Z","type":"INFO","message":"Análise de mercado","data":{"currentPrice":71831.44,"rsi":"62.39","smaFast":"71614.78","smaSlow":"71364.99"}}
{"timestamp":"2026-03-25T12:11:27.244Z","type":"INFO","message":"Saldo: $10000.00 | Preço BTC: $71831.44","data":null}
{"timestamp":"2026-03-25T12:26:27.649Z","type":"INFO","message":"Análise de mercado","data":{"currentPrice":71257.87,"rsi":"50.27","smaFast":"71588.16","smaSlow":"71366.60"}}
{"timestamp":"2026-03-25T12:26:27.651Z","type":"INFO","message":"Saldo: $10000.00 | Preço BTC: $71281.28","data":null}
{"timestamp":"2026-03-25T12:41:27.192Z","type":"INFO","message":"Análise de mercado","data":{"currentPrice":71434,"rsi":"53.17","smaFast":"71599.00","smaSlow":"71387.26"}}
{"timestamp":"2026-03-25T12:41:27.195Z","type":"INFO","message":"Saldo: $10000.00 | Preço BTC: $71434.00","data":null}
{"timestamp":"2026-03-25T12:55:47.105Z","type":"INFO","message":"Bot arrancado","data":{"symbol":"BTCUSDT"}}
{"timestamp":"2026-03-25T12:55:47.617Z","type":"INFO","message":"Saldo inicial do dia definido","data":{"balance":10000}}
{"timestamp":"2026-03-25T12:55:48.366Z","type":"INFO","message":"Análise de mercado","data":{"currentPrice":71416.68,"rsi":"55.04","smaFast":"71589.93","smaSlow":"71401.54"}}
{"timestamp":"2026-03-25T12:55:49.719Z","type":"INFO","message":"Fear & Greed Index","data":{"value":14,"classification":"Extreme Fear"}}
{"timestamp":"2026-03-25T12:55:49.719Z","type":"INFO","message":"Saldo: $10000.00 | Preço BTC: $71416.69 | Fear&Greed: 14 (Extreme Fear)","data":null}
{"timestamp":"2026-03-25T13:01:59.555Z","type":"INFO","message":"Bot arrancado","data":{"symbol":"BTCUSDT"}}
{"timestamp":"2026-03-25T13:02:00.604Z","type":"INFO","message":"Saldo inicial do dia definido","data":{"balance":10000}}
{"timestamp":"2026-03-25T13:02:01.801Z","type":"INFO","message":"Análise de mercado","data":{"currentPrice":71773.19,"rsi":"64.22","smaFast":"71652.75","smaSlow":"71456.08"}}
{"timestamp":"2026-03-25T13:02:02.152Z","type":"INFO","message":"Fear & Greed Index","data":{"value":14,"classification":"Extreme Fear"}}
{"timestamp":"2026-03-25T13:02:02.154Z","type":"INFO","message":"Saldo: $10000.00 | Preço BTC: $71773.20 | Fear&Greed: 14 (Extreme Fear)","data":null}
{"timestamp":"2026-03-25T13:17:01.881Z","type":"INFO","message":"Análise de mercado","data":{"currentPrice":71615.51,"rsi":"57.60","smaFast":"71650.14","smaSlow":"71492.21"}}
{"timestamp":"2026-03-25T13:17:02.246Z","type":"INFO","message":"Fear & Greed Index","data":{"value":14,"classification":"Extreme Fear"}}
{"timestamp":"2026-03-25T13:17:02.247Z","type":"INFO","message":"Saldo: $10000.00 | Preço BTC: $71615.51 | Fear&Greed: 14 (Extreme Fear)","data":null}
{"timestamp":"2026-03-25T13:32:02.343Z","type":"INFO","message":"Análise de mercado","data":{"currentPrice":71776.49,"rsi":"59.84","smaFast":"71639.47","smaSlow":"71519.95"}}
{"timestamp":"2026-03-25T13:32:02.709Z","type":"INFO","message":"Fear & Greed Index","data":{"value":14,"classification":"Extreme Fear"}}
{"timestamp":"2026-03-25T13:32:02.710Z","type":"INFO","message":"Saldo: $10000.00 | Preço BTC: $71776.49 | Fear&Greed: 14 (Extreme Fear)","data":null}
{"timestamp":"2026-03-25T13:35:10.525Z","type":"INFO","message":"Bot multi-par arrancado","data":{"pairs":["BTCUSDT","ETHUSDT","SOLUSDT"]}}
{"timestamp":"2026-03-25T13:35:11.045Z","type":"INFO","message":"Saldo inicial do dia definido","data":{"balance":10000}}
{"timestamp":"2026-03-25T13:35:11.664Z","type":"INFO","message":"Fear & Greed Index","data":{"value":14,"classification":"Extreme Fear"}}
{"timestamp":"2026-03-25T13:35:11.665Z","type":"INFO","message":"Ciclo iniciado","data":{"balance":"10000.00","fearGreed":14,"fearGreedLabel":"Extreme Fear"}}
{"timestamp":"2026-03-25T13:35:12.406Z","type":"INFO","message":"Análise de mercado","data":{"currentPrice":71771.21,"rsi":"59.72","smaFast":"71638.89","smaSlow":"71519.70"}}
{"timestamp":"2026-03-25T13:35:12.408Z","type":"INFO","message":"Score calculado","data":{"rsiScore":10,"fgScore":100,"volScore":100,"score":"64.00"}}
{"timestamp":"2026-03-25T13:35:12.409Z","type":"INFO","message":"Análise BTCUSDT","data":{"price":71771.21,"rsi":"59.72","signal":"WAIT","score":64}}
{"timestamp":"2026-03-25T13:35:12.433Z","type":"INFO","message":"Análise de mercado","data":{"currentPrice":2189.16,"rsi":"51.93","smaFast":"2183.45","smaSlow":"2183.76"}}
{"timestamp":"2026-03-25T13:35:12.433Z","type":"INFO","message":"Score calculado","data":{"rsiScore":40,"fgScore":100,"volScore":100,"score":"76.00"}}
{"timestamp":"2026-03-25T13:35:12.433Z","type":"INFO","message":"Análise ETHUSDT","data":{"price":2189.16,"rsi":"51.93","signal":"WAIT","score":76}}
{"timestamp":"2026-03-25T13:35:12.434Z","type":"INFO","message":"Análise de mercado","data":{"currentPrice":93.18,"rsi":"63.10","smaFast":"92.98","smaSlow":"92.75"}}
{"timestamp":"2026-03-25T13:35:12.434Z","type":"INFO","message":"Score calculado","data":{"rsiScore":10,"fgScore":100,"volScore":100,"score":"64.00"}}
{"timestamp":"2026-03-25T13:35:12.434Z","type":"INFO","message":"Análise SOLUSDT","data":{"price":93.18,"rsi":"63.10","signal":"WAIT","score":64}}
{"timestamp":"2026-03-25T13:35:12.434Z","type":"INFO","message":"Nenhum par com score suficiente para comprar","data":null}
{"timestamp":"2026-03-25T13:50:11.764Z","type":"INFO","message":"Fear & Greed Index","data":{"value":14,"classification":"Extreme Fear"}}
{"timestamp":"2026-03-25T13:50:11.769Z","type":"INFO","message":"Ciclo iniciado","data":{"balance":"10000.00","fearGreed":14,"fearGreedLabel":"Extreme Fear"}}
{"timestamp":"2026-03-25T13:50:12.519Z","type":"INFO","message":"Análise de mercado","data":{"currentPrice":2188.05,"rsi":"52.82","smaFast":"2183.04","smaSlow":"2183.94"}}
{"timestamp":"2026-03-25T13:50:12.521Z","type":"INFO","message":"Score calculado","data":{"rsiScore":40,"fgScore":100,"volScore":100,"score":"76.00"}}
{"timestamp":"2026-03-25T13:50:12.522Z","type":"INFO","message":"Análise ETHUSDT","data":{"price":2185.36,"rsi":"52.82","signal":"WAIT","score":76}}
{"timestamp":"2026-03-25T13:50:12.968Z","type":"INFO","message":"Análise de mercado","data":{"currentPrice":71702.88,"rsi":"58.12","smaFast":"71625.17","smaSlow":"71529.10"}}
{"timestamp":"2026-03-25T13:50:12.969Z","type":"INFO","message":"Score calculado","data":{"rsiScore":10,"fgScore":100,"volScore":100,"score":"64.00"}}
{"timestamp":"2026-03-25T13:50:12.970Z","type":"INFO","message":"Análise BTCUSDT","data":{"price":71636.32,"rsi":"58.12","signal":"WAIT","score":64}}
{"timestamp":"2026-03-25T13:50:12.983Z","type":"INFO","message":"Análise de mercado","data":{"currentPrice":93.02,"rsi":"59.21","smaFast":"92.96","smaSlow":"92.76"}}
{"timestamp":"2026-03-25T13:50:12.983Z","type":"INFO","message":"Score calculado","data":{"rsiScore":10,"fgScore":100,"volScore":100,"score":"64.00"}}
{"timestamp":"2026-03-25T13:50:12.983Z","type":"INFO","message":"Análise SOLUSDT","data":{"price":92.97,"rsi":"59.21","signal":"WAIT","score":64}}
{"timestamp":"2026-03-25T13:50:12.984Z","type":"INFO","message":"Nenhum par com score suficiente para comprar","data":null}
{"timestamp":"2026-03-25T14:05:11.765Z","type":"INFO","message":"Fear & Greed Index","data":{"value":14,"classification":"Extreme Fear"}}
{"timestamp":"2026-03-25T14:05:11.770Z","type":"INFO","message":"Ciclo iniciado","data":{"balance":"10000.00","fearGreed":14,"fearGreedLabel":"Extreme Fear"}}
{"timestamp":"2026-03-25T14:05:12.528Z","type":"INFO","message":"Análise de mercado","data":{"currentPrice":2183.51,"rsi":"50.90","smaFast":"2182.32","smaSlow":"2184.06"}}
{"timestamp":"2026-03-25T14:05:12.530Z","type":"INFO","message":"Score calculado","data":{"rsiScore":40,"fgScore":100,"volScore":100,"score":"76.00"}}
{"timestamp":"2026-03-25T14:05:12.530Z","type":"INFO","message":"Análise ETHUSDT","data":{"price":2183.51,"rsi":"50.90","signal":"WAIT","score":76}}
{"timestamp":"2026-03-25T14:05:12.958Z","type":"INFO","message":"Análise de mercado","data":{"currentPrice":71546.89,"rsi":"52.83","smaFast":"71595.60","smaSlow":"71536.53"}}
{"timestamp":"2026-03-25T14:05:12.959Z","type":"INFO","message":"Score calculado","data":{"rsiScore":40,"fgScore":100,"volScore":100,"score":"76.00"}}
{"timestamp":"2026-03-25T14:05:12.959Z","type":"INFO","message":"Análise BTCUSDT","data":{"price":71546.89,"rsi":"52.83","signal":"WAIT","score":76}}
{"timestamp":"2026-03-25T14:05:12.988Z","type":"INFO","message":"Análise de mercado","data":{"currentPrice":92.76,"rsi":"55.83","smaFast":"92.90","smaSlow":"92.76"}}
{"timestamp":"2026-03-25T14:05:12.989Z","type":"INFO","message":"Score calculado","data":{"rsiScore":10,"fgScore":100,"volScore":100,"score":"64.00"}}
{"timestamp":"2026-03-25T14:05:12.990Z","type":"INFO","message":"Análise SOLUSDT","data":{"price":92.76,"rsi":"55.83","signal":"WAIT","score":64}}
{"timestamp":"2026-03-25T14:05:12.990Z","type":"INFO","message":"Nenhum par com score suficiente para comprar","data":null}
{"timestamp":"2026-03-25T14:20:11.799Z","type":"INFO","message":"Fear & Greed Index","data":{"value":14,"classification":"Extreme Fear"}}
{"timestamp":"2026-03-25T14:20:11.804Z","type":"INFO","message":"Ciclo iniciado","data":{"balance":"10000.00","fearGreed":14,"fearGreedLabel":"Extreme Fear"}}
{"timestamp":"2026-03-25T14:20:12.563Z","type":"INFO","message":"Análise de mercado","data":{"currentPrice":92.24,"rsi":"42.70","smaFast":"92.75","smaSlow":"92.73"}}
{"timestamp":"2026-03-25T14:20:12.564Z","type":"INFO","message":"Score calculado","data":{"rsiScore":70,"fgScore":100,"volScore":100,"score":"88.00"}}
{"timestamp":"2026-03-25T14:20:12.565Z","type":"INFO","message":"Análise SOLUSDT","data":{"price":92.24,"rsi":"42.70","signal":"WAIT","score":88}}
{"timestamp":"2026-03-25T14:20:12.565Z","type":"INFO","message":"Análise de mercado","data":{"currentPrice":71354.77,"rsi":"46.48","smaFast":"71533.08","smaSlow":"71529.51"}}
{"timestamp":"2026-03-25T14:20:12.566Z","type":"INFO","message":"Score calculado","data":{"rsiScore":40,"fgScore":100,"volScore":100,"score":"76.00"}}
{"timestamp":"2026-03-25T14:20:12.566Z","type":"INFO","message":"Análise BTCUSDT","data":{"price":71396.74,"rsi":"46.48","signal":"WAIT","score":76}}
{"timestamp":"2026-03-25T14:20:13.017Z","type":"INFO","message":"Análise de mercado","data":{"currentPrice":2179.71,"rsi":"46.17","smaFast":"2180.58","smaSlow":"2183.83"}}
{"timestamp":"2026-03-25T14:20:13.017Z","type":"INFO","message":"Score calculado","data":{"rsiScore":40,"fgScore":100,"volScore":100,"score":"76.00"}}
{"timestamp":"2026-03-25T14:20:13.018Z","type":"INFO","message":"Análise ETHUSDT","data":{"price":2179.71,"rsi":"46.17","signal":"WAIT","score":76}}
{"timestamp":"2026-03-25T14:20:13.018Z","type":"INFO","message":"Nenhum par com score suficiente para comprar","data":null}
{"timestamp":"2026-03-25T14:35:11.739Z","type":"INFO","message":"Fear & Greed Index","data":{"value":14,"classification":"Extreme Fear"}}
{"timestamp":"2026-03-25T14:35:11.741Z","type":"INFO","message":"Ciclo iniciado","data":{"balance":"10000.00","fearGreed":14,"fearGreedLabel":"Extreme Fear"}}
{"timestamp":"2026-03-25T14:35:12.482Z","type":"INFO","message":"Análise de mercado","data":{"currentPrice":71490,"rsi":"47.84","smaFast":"71551.15","smaSlow":"71540.07"}}
{"timestamp":"2026-03-25T14:35:12.483Z","type":"INFO","message":"Score calculado","data":{"rsiScore":40,"fgScore":100,"volScore":100,"score":"76.00"}}
{"timestamp":"2026-03-25T14:35:12.484Z","type":"INFO","message":"Análise BTCUSDT","data":{"price":71490,"rsi":"47.84","signal":"WAIT","score":76}}
{"timestamp":"2026-03-25T14:35:12.501Z","type":"INFO","message":"Análise de mercado","data":{"currentPrice":92.34,"rsi":"43.96","smaFast":"92.71","smaSlow":"92.72"}}
{"timestamp":"2026-03-25T14:35:12.502Z","type":"INFO","message":"Score calculado","data":{"rsiScore":70,"fgScore":100,"volScore":100,"score":"88.00"}}
{"timestamp":"2026-03-25T14:35:12.503Z","type":"INFO","message":"Análise SOLUSDT","data":{"price":92.34,"rsi":"43.96","signal":"WAIT","score":88}}
{"timestamp":"2026-03-25T14:35:12.972Z","type":"INFO","message":"Análise de mercado","data":{"currentPrice":2183.73,"rsi":"48.04","smaFast":"2181.96","smaSlow":"2183.96"}}
{"timestamp":"2026-03-25T14:35:12.973Z","type":"INFO","message":"Score calculado","data":{"rsiScore":40,"fgScore":100,"volScore":100,"score":"76.00"}}
{"timestamp":"2026-03-25T14:35:12.974Z","type":"INFO","message":"Análise ETHUSDT","data":{"price":2183.73,"rsi":"48.04","signal":"WAIT","score":76}}
{"timestamp":"2026-03-25T14:35:12.975Z","type":"INFO","message":"Nenhum par com score suficiente para comprar","data":null}
{"timestamp":"2026-03-25T14:50:11.722Z","type":"INFO","message":"Fear & Greed Index","data":{"value":14,"classification":"Extreme Fear"}}
{"timestamp":"2026-03-25T14:50:11.725Z","type":"INFO","message":"Ciclo iniciado","data":{"balance":"10000.00","fearGreed":14,"fearGreedLabel":"Extreme Fear"}}
{"timestamp":"2026-03-25T14:50:12.451Z","type":"INFO","message":"Análise de mercado","data":{"currentPrice":71389.2,"rsi":"35.56","smaFast":"71539.56","smaSlow":"71540.63"}}
{"timestamp":"2026-03-25T14:50:12.452Z","type":"INFO","message":"Score calculado","data":{"rsiScore":70,"fgScore":100,"volScore":100,"score":"88.00"}}
{"timestamp":"2026-03-25T14:50:12.453Z","type":"INFO","message":"Análise BTCUSDT","data":{"price":71390.08,"rsi":"35.56","signal":"WAIT","score":88}}
{"timestamp":"2026-03-25T14:50:12.474Z","type":"INFO","message":"Análise de mercado","data":{"currentPrice":92.22,"rsi":"33.73","smaFast":"92.64","smaSlow":"92.71"}}
{"timestamp":"2026-03-25T14:50:12.474Z","type":"INFO","message":"Score calculado","data":{"rsiScore":100,"fgScore":100,"volScore":100,"score":"100.00"}}
{"timestamp":"2026-03-25T14:50:12.474Z","type":"INFO","message":"Análise SOLUSDT","data":{"price":92.22,"rsi":"33.73","signal":"WAIT","score":100}}
{"timestamp":"2026-03-25T14:50:12.929Z","type":"INFO","message":"Análise de mercado","data":{"currentPrice":2178.92,"rsi":"38.91","smaFast":"2182.18","smaSlow":"2183.65"}}
{"timestamp":"2026-03-25T14:50:12.930Z","type":"INFO","message":"Score calculado","data":{"rsiScore":70,"fgScore":100,"volScore":100,"score":"88.00"}}
{"timestamp":"2026-03-25T14:50:12.930Z","type":"INFO","message":"Análise ETHUSDT","data":{"price":2178.92,"rsi":"38.91","signal":"WAIT","score":88}}
{"timestamp":"2026-03-25T14:50:12.930Z","type":"INFO","message":"Nenhum par com score suficiente para comprar","data":null}
{"timestamp":"2026-03-25T14:52:16.692Z","type":"INFO","message":"Bot multi-par arrancado","data":{"pairs":["BTCUSDT","ETHUSDT","SOLUSDT"]}}
{"timestamp":"2026-03-25T14:52:17.216Z","type":"INFO","message":"Saldo inicial do dia definido","data":{"balance":10000}}
{"timestamp":"2026-03-25T14:52:17.822Z","type":"INFO","message":"Fear & Greed Index","data":{"value":14,"classification":"Extreme Fear"}}
{"timestamp":"2026-03-25T14:52:17.824Z","type":"INFO","message":"Ciclo iniciado","data":{"balance":"10000.00","fearGreed":14}}
{"timestamp":"2026-03-25T14:52:18.563Z","type":"INFO","message":"Análise de mercado","data":{"currentPrice":71424.96,"rsi":"36.86","smaFast":"71543.53","smaSlow":"71542.34"}}
{"timestamp":"2026-03-25T14:52:18.564Z","type":"INFO","message":"Score calculado","data":{"rsiScore":70,"fgScore":100,"volScore":100,"score":"88.00"}}
{"timestamp":"2026-03-25T14:52:18.565Z","type":"INFO","message":"Análise BTCUSDT","data":{"price":71424.96,"rsi":"36.86","signal":"WAIT","score":88}}
{"timestamp":"2026-03-25T14:52:18.582Z","type":"INFO","message":"Análise de mercado","data":{"currentPrice":2179.12,"rsi":"39.07","smaFast":"2182.20","smaSlow":"2183.66"}}
{"timestamp":"2026-03-25T14:52:18.583Z","type":"INFO","message":"Score calculado","data":{"rsiScore":70,"fgScore":100,"volScore":100,"score":"88.00"}}
{"timestamp":"2026-03-25T14:52:18.584Z","type":"INFO","message":"Análise ETHUSDT","data":{"price":2179.12,"rsi":"39.07","signal":"WAIT","score":88}}
{"timestamp":"2026-03-25T14:52:19.042Z","type":"INFO","message":"Análise de mercado","data":{"currentPrice":92.23,"rsi":"33.99","smaFast":"92.64","smaSlow":"92.71"}}
{"timestamp":"2026-03-25T14:52:19.043Z","type":"INFO","message":"Score calculado","data":{"rsiScore":100,"fgScore":100,"volScore":100,"score":"100.00"}}
{"timestamp":"2026-03-25T14:52:19.043Z","type":"INFO","message":"Análise SOLUSDT","data":{"price":92.23,"rsi":"33.99","signal":"WAIT","score":100}}
{"timestamp":"2026-03-25T14:52:19.043Z","type":"INFO","message":"Nenhum par com score suficiente para comprar","data":null}
{"timestamp":"2026-03-25T14:57:06.388Z","type":"INFO","message":"Bot multi-par arrancado","data":{"pairs":["BTCUSDT","ETHUSDT","SOLUSDT"]}}
{"timestamp":"2026-03-25T14:57:07.052Z","type":"INFO","message":"Saldo inicial do dia definido","data":{"balance":10000}}
{"timestamp":"2026-03-25T14:57:07.676Z","type":"INFO","message":"Fear & Greed Index","data":{"value":14,"classification":"Extreme Fear"}}
{"timestamp":"2026-03-25T14:57:07.678Z","type":"INFO","message":"Ciclo iniciado","data":{"balance":"10000.00","fearGreed":14}}
{"timestamp":"2026-03-25T14:57:08.420Z","type":"INFO","message":"Análise de mercado","data":{"currentPrice":71322.33,"rsi":"33.86","smaFast":"71532.13","smaSlow":"71537.45"}}
{"timestamp":"2026-03-25T14:57:08.421Z","type":"INFO","message":"Score calculado","data":{"rsiScore":100,"fgScore":100,"volScore":100,"score":"100.00"}}
{"timestamp":"2026-03-25T14:57:08.422Z","type":"INFO","message":"Análise BTCUSDT","data":{"price":71322.33,"rsi":"33.86","signal":"WAIT","score":100}}
{"timestamp":"2026-03-25T14:57:08.434Z","type":"INFO","message":"Análise de mercado","data":{"currentPrice":92.08,"rsi":"31.25","smaFast":"92.62","smaSlow":"92.70"}}
{"timestamp":"2026-03-25T14:57:08.435Z","type":"INFO","message":"Score calculado","data":{"rsiScore":100,"fgScore":100,"volScore":100,"score":"100.00"}}
{"timestamp":"2026-03-25T14:57:08.436Z","type":"INFO","message":"Análise SOLUSDT","data":{"price":92.07,"rsi":"31.25","signal":"WAIT","score":100}}
{"timestamp":"2026-03-25T14:57:08.437Z","type":"INFO","message":"Análise de mercado","data":{"currentPrice":2176.35,"rsi":"37.44","smaFast":"2181.90","smaSlow":"2183.53"}}
{"timestamp":"2026-03-25T14:57:08.437Z","type":"INFO","message":"Score calculado","data":{"rsiScore":70,"fgScore":100,"volScore":100,"score":"88.00"}}
{"timestamp":"2026-03-25T14:57:08.437Z","type":"INFO","message":"Análise ETHUSDT","data":{"price":2176.35,"rsi":"37.44","signal":"WAIT","score":88}}
{"timestamp":"2026-03-25T14:57:08.438Z","type":"INFO","message":"Nenhum par com score suficiente para comprar","data":null}
{"timestamp":"2026-03-25T15:00:12.002Z","type":"INFO","message":"Bot multi-par arrancado","data":{"pairs":["BTCUSDT","ETHUSDT","SOLUSDT"]}}
{"timestamp":"2026-03-25T15:00:12.489Z","type":"INFO","message":"Saldo inicial do dia definido","data":{"balance":10000}}
{"timestamp":"2026-03-25T15:00:13.099Z","type":"INFO","message":"Fear & Greed Index","data":{"value":14,"classification":"Extreme Fear"}}
{"timestamp":"2026-03-25T15:00:13.100Z","type":"INFO","message":"Ciclo iniciado","data":{"balance":"10000.00","fearGreed":14}}
{"timestamp":"2026-03-25T15:00:13.840Z","type":"INFO","message":"Análise de mercado","data":{"currentPrice":71235.4,"rsi":"33.92","smaFast":"71469.62","smaSlow":"71528.00"}}
{"timestamp":"2026-03-25T15:00:13.842Z","type":"INFO","message":"Score calculado","data":{"rsiScore":100,"fgScore":100,"volScore":100,"score":"100.00"}}
{"timestamp":"2026-03-25T15:00:13.843Z","type":"INFO","message":"Análise BTCUSDT","data":{"price":71238.54,"rsi":"33.92","signal":"WAIT","score":100}}
{"timestamp":"2026-03-25T15:00:13.864Z","type":"INFO","message":"Análise de mercado","data":{"currentPrice":91.93,"rsi":"29.00","smaFast":"92.48","smaSlow":"92.66"}}
{"timestamp":"2026-03-25T15:00:13.864Z","type":"INFO","message":"Score calculado","data":{"rsiScore":100,"fgScore":100,"volScore":100,"score":"100.00"}}
{"timestamp":"2026-03-25T15:00:13.865Z","type":"INFO","message":"Análise SOLUSDT","data":{"price":91.97,"rsi":"29.00","signal":"WAIT","score":100}}
{"timestamp":"2026-03-25T15:00:14.321Z","type":"INFO","message":"Análise de mercado","data":{"currentPrice":2174.58,"rsi":"38.04","smaFast":"2180.57","smaSlow":"2182.81"}}
{"timestamp":"2026-03-25T15:00:14.321Z","type":"INFO","message":"Score calculado","data":{"rsiScore":70,"fgScore":100,"volScore":100,"score":"88.00"}}
{"timestamp":"2026-03-25T15:00:14.322Z","type":"INFO","message":"Análise ETHUSDT","data":{"price":2174.58,"rsi":"38.04","signal":"WAIT","score":88}}
{"timestamp":"2026-03-25T15:00:14.564Z","type":"TRADE","message":"Ordem executada: BUY BTCUSDT","data":{"symbol":"BTCUSDT","quantity":0.01333,"orderId":23397772}}
{"timestamp":"2026-03-25T15:00:15.066Z","type":"ERROR","message":"Erro no ciclo","data":{"message":"Request failed with status code 400"}}
{"timestamp":"2026-03-25T15:05:58.054Z","type":"INFO","message":"Bot multi-par arrancado","data":{"pairs":["BTCUSDT","ETHUSDT","SOLUSDT"]}}
{"timestamp":"2026-03-25T15:05:58.558Z","type":"INFO","message":"Saldo inicial do dia definido","data":{"balance":9050.3901285}}
{"timestamp":"2026-03-25T15:05:59.167Z","type":"INFO","message":"Fear & Greed Index","data":{"value":14,"classification":"Extreme Fear"}}
{"timestamp":"2026-03-25T15:05:59.168Z","type":"INFO","message":"Ciclo iniciado","data":{"balance":"9050.39","fearGreed":14}}
{"timestamp":"2026-03-25T15:05:59.904Z","type":"INFO","message":"Análise de mercado","data":{"currentPrice":71262.01,"rsi":"34.91","smaFast":"71472.58","smaSlow":"71529.27"}}
{"timestamp":"2026-03-25T15:05:59.905Z","type":"INFO","message":"Score calculado","data":{"rsiScore":100,"fgScore":100,"volScore":100,"score":"100.00"}}
{"timestamp":"2026-03-25T15:05:59.905Z","type":"INFO","message":"Análise BTCUSDT","data":{"price":71262.01,"rsi":"34.91","signal":"WAIT","score":100}}
{"timestamp":"2026-03-25T15:05:59.919Z","type":"INFO","message":"Análise de mercado","data":{"currentPrice":2174.39,"rsi":"37.87","smaFast":"2180.55","smaSlow":"2182.80"}}
{"timestamp":"2026-03-25T15:05:59.920Z","type":"INFO","message":"Score calculado","data":{"rsiScore":70,"fgScore":100,"volScore":100,"score":"88.00"}}
{"timestamp":"2026-03-25T15:05:59.921Z","type":"INFO","message":"Análise ETHUSDT","data":{"price":2174.8,"rsi":"37.87","signal":"WAIT","score":88}}
{"timestamp":"2026-03-25T15:06:00.380Z","type":"INFO","message":"Análise de mercado","data":{"currentPrice":91.99,"rsi":"30.55","smaFast":"92.49","smaSlow":"92.67"}}
{"timestamp":"2026-03-25T15:06:00.381Z","type":"INFO","message":"Score calculado","data":{"rsiScore":100,"fgScore":100,"volScore":100,"score":"100.00"}}
{"timestamp":"2026-03-25T15:06:00.381Z","type":"INFO","message":"Análise SOLUSDT","data":{"price":91.99,"rsi":"30.55","signal":"WAIT","score":100}}
{"timestamp":"2026-03-25T15:06:00.627Z","type":"TRADE","message":"Ordem executada: BUY BTCUSDT","data":{"symbol":"BTCUSDT","quantity":0.013,"orderId":23399752}}
{"timestamp":"2026-03-25T15:06:01.608Z","type":"TRADE","message":"Ordem executada: BUY SOLUSDT","data":{"symbol":"SOLUSDT","quantity":10.327,"orderId":3788528}}
{"timestamp":"2026-03-25T15:17:44.589Z","type":"INFO","message":"Bot multi-par arrancado","data":{"pairs":["BTCUSDT","ETHUSDT","SOLUSDT"]}}
{"timestamp":"2026-03-25T15:20:59.243Z","type":"INFO","message":"Fear & Greed Index","data":{"value":14,"classification":"Extreme Fear"}}
{"timestamp":"2026-03-25T15:20:59.245Z","type":"INFO","message":"Ciclo iniciado","data":{"balance":"3765.72","fearGreed":14}}
{"timestamp":"2026-03-25T15:20:59.246Z","type":"WARN","message":"LIMITE DE PERDA DIÁRIA ATINGIDO — bot pausado","data":{"dailyStartBalance":9050.3901285,"currentBalance":3765.7234601,"lossPercent":"58.39%"}}
{"timestamp":"2026-03-25T15:24:02.146Z","type":"INFO","message":"Bot multi-par arrancado","data":{"pairs":["BTCUSDT","ETHUSDT","SOLUSDT"]}}
{"timestamp":"2026-03-25T15:32:56.175Z","type":"INFO","message":"Bot multi-par arrancado","data":{"pairs":["BTCUSDT","ETHUSDT","SOLUSDT"]}}
{"timestamp":"2026-03-25T15:32:56.696Z","type":"INFO","message":"Saldo inicial do dia definido","data":{"balance":1000}}
{"timestamp":"2026-03-25T15:32:57.305Z","type":"INFO","message":"Fear & Greed Index","data":{"value":14,"classification":"Extreme Fear"}}
{"timestamp":"2026-03-25T15:32:57.449Z","type":"ERROR","message":"Erro ao obter notícias","data":{"message":"Request failed with status code 404"}}
{"timestamp":"2026-03-25T15:32:57.450Z","type":"INFO","message":"Ciclo iniciado","data":{"balance":"3133.22","fearGreed":14,"newsSignal":"NEUTRAL"}}
{"timestamp":"2026-03-25T15:32:58.650Z","type":"INFO","message":"Análise de mercado","data":{"currentPrice":71000.61,"rsi":"32.84","smaFast":"71275.72","smaSlow":"71469.95"}}
{"timestamp":"2026-03-25T15:32:58.651Z","type":"INFO","message":"Score calculado","data":{"rsiScore":100,"fgScore":100,"volScore":100,"score":"100.00"}}
{"timestamp":"2026-03-25T15:32:58.652Z","type":"INFO","message":"Análise BTCUSDT","data":{"price":71000.62,"rsi":"32.84","signal":"WAIT","score":100}}
{"timestamp":"2026-03-25T15:32:58.662Z","type":"INFO","message":"Análise de mercado","data":{"currentPrice":2164.06,"rsi":"33.32","smaFast":"2175.04","smaSlow":"2180.23"}}
{"timestamp":"2026-03-25T15:32:58.663Z","type":"INFO","message":"Score calculado","data":{"rsiScore":100,"fgScore":100,"volScore":100,"score":"100.00"}}
{"timestamp":"2026-03-25T15:32:58.663Z","type":"INFO","message":"Análise ETHUSDT","data":{"price":2164.06,"rsi":"33.32","signal":"WAIT","score":100}}
{"timestamp":"2026-03-25T15:32:58.663Z","type":"INFO","message":"Análise de mercado","data":{"currentPrice":91.79,"rsi":"27.27","smaFast":"92.15","smaSlow":"92.56"}}
{"timestamp":"2026-03-25T15:32:58.663Z","type":"INFO","message":"Score calculado","data":{"rsiScore":100,"fgScore":100,"volScore":100,"score":"100.00"}}
{"timestamp":"2026-03-25T15:32:58.663Z","type":"INFO","message":"Análise SOLUSDT","data":{"price":91.79,"rsi":"27.27","signal":"WAIT","score":100}}
{"timestamp":"2026-03-25T15:32:58.907Z","type":"TRADE","message":"Ordem executada: BUY BTCUSDT","data":{"symbol":"BTCUSDT","quantity":0.00446,"orderId":23413663}}
{"timestamp":"2026-03-25T15:32:59.315Z","type":"TRADE","message":"Ordem executada: BUY ETHUSDT","data":{"symbol":"ETHUSDT","quantity":0.1463,"orderId":13809700}}
{"timestamp":"2026-03-25T15:38:25.776Z","type":"INFO","message":"Bot multi-par arrancado","data":{"pairs":["BTCUSDT","ETHUSDT","SOLUSDT"]}}
{"timestamp":"2026-03-25T15:47:57.349Z","type":"INFO","message":"Fear & Greed Index","data":{"value":14,"classification":"Extreme Fear"}}
{"timestamp":"2026-03-25T15:47:57.485Z","type":"ERROR","message":"Erro ao obter notícias","data":{"message":"Request failed with status code 404"}}
{"timestamp":"2026-03-25T15:47:57.485Z","type":"INFO","message":"Ciclo iniciado","data":{"balance":"1867.33","fearGreed":14,"newsSignal":"NEUTRAL"}}
{"timestamp":"2026-03-25T15:47:58.220Z","type":"INFO","message":"Análise de mercado","data":{"currentPrice":70829.82,"rsi":"37.13","smaFast":"71161.67","smaSlow":"71435.73"}}
{"timestamp":"2026-03-25T15:47:58.221Z","type":"INFO","message":"Score calculado","data":{"rsiScore":70,"fgScore":100,"volScore":100,"score":"88.00"}}
{"timestamp":"2026-03-25T15:47:58.222Z","type":"INFO","message":"Análise BTCUSDT","data":{"price":70829.82,"rsi":"37.13","signal":"WAIT","score":88}}
{"timestamp":"2026-03-25T15:47:58.244Z","type":"INFO","message":"Análise de mercado","data":{"currentPrice":2161.33,"rsi":"41.91","smaFast":"2171.80","smaSlow":"2179.15"}}
{"timestamp":"2026-03-25T15:47:58.244Z","type":"INFO","message":"Score calculado","data":{"rsiScore":70,"fgScore":100,"volScore":100,"score":"88.00"}}
{"timestamp":"2026-03-25T15:47:58.244Z","type":"INFO","message":"Análise ETHUSDT","data":{"price":2161.33,"rsi":"41.91","signal":"WAIT","score":88}}
{"timestamp":"2026-03-25T15:47:58.695Z","type":"INFO","message":"Análise de mercado","data":{"currentPrice":91.65,"rsi":"30.86","smaFast":"91.98","smaSlow":"92.52"}}
{"timestamp":"2026-03-25T15:47:58.695Z","type":"INFO","message":"Score calculado","data":{"rsiScore":100,"fgScore":100,"volScore":100,"score":"100.00"}}
{"timestamp":"2026-03-25T15:47:58.695Z","type":"INFO","message":"Análise SOLUSDT","data":{"price":91.65,"rsi":"30.86","signal":"WAIT","score":100}}
{"timestamp":"2026-03-25T15:47:58.696Z","type":"INFO","message":"Trailing Stop-Loss actualizado","data":{"oldStop":"69935.61","newStop":"69979.86","currentPrice":"70829.82"}}
{"timestamp":"2026-03-25T15:47:58.696Z","type":"INFO","message":"Trailing Stop-Loss actualizado","data":{"oldStop":"2131.60","newStop":"2135.39","currentPrice":"2161.33"}}
{"timestamp":"2026-03-25T15:47:59.403Z","type":"TRADE","message":"Ordem executada: BUY SOLUSDT","data":{"symbol":"SOLUSDT","quantity":3.45,"orderId":3791586}}
{"timestamp":"2026-03-25T15:48:42.727Z","type":"INFO","message":"Bot multi-par arrancado","data":{"pairs":["BTCUSDT","ETHUSDT","SOLUSDT"]}}
{"timestamp":"2026-03-25T16:02:57.399Z","type":"INFO","message":"Fear & Greed Index","data":{"value":14,"classification":"Extreme Fear"}}
{"timestamp":"2026-03-25T16:02:57.524Z","type":"ERROR","message":"Erro ao obter notícias","data":{"message":"Request failed with status code 404"}}
{"timestamp":"2026-03-25T16:02:57.526Z","type":"INFO","message":"Ciclo iniciado","data":{"balance":"918.48","fearGreed":14,"newsSignal":"NEUTRAL"}}
{"timestamp":"2026-03-25T16:02:57.526Z","type":"WARN","message":"LIMITE DE PERDA DIÁRIA ATINGIDO — bot pausado","data":{"dailyStartBalance":1000,"currentBalance":918.4769623,"lossPercent":"8.15%"}}
{"timestamp":"2026-03-25T16:06:47.462Z","type":"INFO","message":"Bot multi-par arrancado","data":{"pairs":["BTCUSDT","ETHUSDT","BNBUSDT"]}}
{"timestamp":"2026-03-25T16:07:12.965Z","type":"INFO","message":"Bot multi-par arrancado","data":{"pairs":["BTCUSDT","ETHUSDT","BNBUSDT"]}}
{"timestamp":"2026-03-25T16:07:13.263Z","type":"INFO","message":"Saldo inicial do dia definido","data":{"balance":918.4769623}}
{"timestamp":"2026-03-25T16:07:14.045Z","type":"INFO","message":"Fear & Greed Index","data":{"value":14,"classification":"Extreme Fear"}}
{"timestamp":"2026-03-25T16:07:14.183Z","type":"ERROR","message":"Erro ao obter notícias","data":{"message":"Request failed with status code 404"}}
{"timestamp":"2026-03-25T16:07:14.184Z","type":"INFO","message":"Ciclo iniciado","data":{"balance":"918.48","fearGreed":14,"newsSignal":"NEUTRAL"}}
{"timestamp":"2026-03-25T16:07:14.927Z","type":"INFO","message":"Análise BTCUSDT","data":{"interval":"1h","price":70833.29,"rsi":"56.44","signal":"WAIT","score":64}}
{"timestamp":"2026-03-25T16:07:14.946Z","type":"INFO","message":"Análise ETHUSDT","data":{"interval":"30m","price":2159.55,"rsi":"36.60","signal":"WAIT","score":88}}
{"timestamp":"2026-03-25T16:07:15.406Z","type":"INFO","message":"Análise BNBUSDT","data":{"interval":"1h","price":645.82,"rsi":"66.07","signal":"WAIT","score":64}}
{"timestamp":"2026-03-25T16:07:15.651Z","type":"TRADE","message":"Ordem executada: BUY ETHUSDT","data":{"symbol":"ETHUSDT","quantity":0.1466,"orderId":13816959}}
{"timestamp":"2026-03-25T16:12:54.539Z","type":"INFO","message":"Bot multi-par arrancado","data":{"pairs":["BTCUSDT","ETHUSDT","BNBUSDT"]}}
{"timestamp":"2026-03-25T16:15:16.040Z","type":"INFO","message":"Bot multi-par arrancado","data":{"pairs":["BTCUSDT","ETHUSDT","BNBUSDT"]}}
{"timestamp":"2026-03-25T16:18:39.482Z","type":"INFO","message":"Bot multi-par arrancado","data":{"pairs":["BTCUSDT","ETHUSDT","BNBUSDT"]}}
{"timestamp":"2026-03-25T16:18:53.076Z","type":"INFO","message":"Bot multi-par arrancado","data":{"pairs":["BTCUSDT","ETHUSDT","BNBUSDT"]}}
{"timestamp":"2026-03-25T16:18:53.379Z","type":"INFO","message":"Saldo inicial do dia definido","data":{"balance":285.3170693}}
{"timestamp":"2026-03-25T16:18:54.195Z","type":"INFO","message":"Fear & Greed Index","data":{"value":14,"classification":"Extreme Fear"}}
{"timestamp":"2026-03-25T16:18:54.330Z","type":"ERROR","message":"Erro ao obter notícias","data":{"message":"Request failed with status code 404"}}
{"timestamp":"2026-03-25T16:18:54.331Z","type":"INFO","message":"Ciclo iniciado","data":{"balance":"285.32","fearGreed":14,"newsSignal":"NEUTRAL"}}
{"timestamp":"2026-03-25T16:18:55.076Z","type":"INFO","message":"Análise BTCUSDT","data":{"interval":"1h","price":70882.96,"rsi":"57.34","signal":"WAIT","score":64}}
{"timestamp":"2026-03-25T16:18:55.083Z","type":"INFO","message":"Análise BNBUSDT","data":{"interval":"1h","price":646.99,"rsi":"67.89","signal":"WAIT","score":64}}
{"timestamp":"2026-03-25T16:18:55.541Z","type":"INFO","message":"Análise ETHUSDT","data":{"interval":"30m","price":2160.29,"rsi":"36.94","signal":"WAIT","score":88}}
{"timestamp":"2026-03-25T16:18:56.242Z","type":"ERROR","message":"Erro no ciclo","data":{"message":"Request failed with status code 400"}}
{"timestamp":"2026-03-25T16:22:36.777Z","type":"INFO","message":"Bot multi-par arrancado","data":{"pairs":["BTCUSDT","ETHUSDT","BNBUSDT"]}}
{"timestamp":"2026-03-25T16:25:49.669Z","type":"INFO","message":"Bot multi-par arrancado","data":{"pairs":["BTCUSDT","ETHUSDT","BNBUSDT"]}}
{"timestamp":"2026-03-25T16:48:53.964Z","type":"ERROR","message":"Erro no ciclo","data":{"message":"Request failed with status code 401"}}
{"timestamp":"2026-03-25T17:18:54.018Z","type":"ERROR","message":"Erro no ciclo","data":{"message":"Request failed with status code 401"}}
{"timestamp":"2026-03-25T17:47:10.179Z","type":"INFO","message":"Bot multi-par arrancado","data":{"pairs":["BTCUSDT","ETHUSDT","BNBUSDT"]}}
{"timestamp":"2026-03-25T17:47:10.510Z","type":"INFO","message":"Saldo obtido com sucesso","data":{"balance":285.3170693}}
{"timestamp":"2026-03-25T17:47:10.511Z","type":"INFO","message":"Saldo inicial do dia definido","data":{"balance":285.3170693}}
{"timestamp":"2026-03-25T17:47:12.295Z","type":"INFO","message":"Fear & Greed Index","data":{"value":14,"classification":"Extreme Fear"}}
{"timestamp":"2026-03-25T17:47:12.415Z","type":"ERROR","message":"Erro ao obter notícias","data":{"message":"articles.forEach is not a function"}}
{"timestamp":"2026-03-25T17:47:12.416Z","type":"INFO","message":"Ciclo iniciado","data":{"balance":"285.32","fearGreed":14,"newsSignal":"NEUTRAL"}}
{"timestamp":"2026-03-25T17:47:13.161Z","type":"INFO","message":"Análise BTCUSDT","data":{"interval":"1h","price":70977.43,"rsi":"53.44","signal":"WAIT","score":76}}
{"timestamp":"2026-03-25T17:47:13.173Z","type":"INFO","message":"Análise ETHUSDT","data":{"interval":"30m","price":2167.71,"rsi":"40.05","signal":"WAIT","score":88}}
{"timestamp":"2026-03-25T17:47:13.174Z","type":"INFO","message":"Análise BNBUSDT","data":{"interval":"1h","price":646.08,"rsi":"57.97","signal":"WAIT","score":76}}
{"timestamp":"2026-03-25T17:47:13.422Z","type":"ERROR","message":"Erro ao executar ordem BUY ETHUSDT","data":{"quantity":0.146,"detail":{"code":-2010,"msg":"Account has insufficient balance for requested action."}}}
{"timestamp":"2026-03-25T17:47:13.422Z","type":"ERROR","message":"Erro ao comprar ETHUSDT","data":{"message":"Request failed with status code 400"}}
{"timestamp":"2026-03-25T18:17:12.403Z","type":"INFO","message":"Fear & Greed Index","data":{"value":14,"classification":"Extreme Fear"}}
{"timestamp":"2026-03-25T18:17:12.528Z","type":"ERROR","message":"Erro ao obter notícias","data":{"message":"articles.forEach is not a function"}}
{"timestamp":"2026-03-25T18:17:12.529Z","type":"INFO","message":"Ciclo iniciado","data":{"balance":"285.32","fearGreed":14,"newsSignal":"NEUTRAL"}}
{"timestamp":"2026-03-25T18:17:13.267Z","type":"INFO","message":"Análise BTCUSDT","data":{"interval":"1h","price":71002.09,"rsi":"50.60","signal":"WAIT","score":76}}
{"timestamp":"2026-03-25T18:17:13.275Z","type":"INFO","message":"Análise BNBUSDT","data":{"interval":"1h","price":645.53,"rsi":"56.42","signal":"WAIT","score":76}}
{"timestamp":"2026-03-25T18:17:13.734Z","type":"INFO","message":"Análise ETHUSDT","data":{"interval":"30m","price":2170.3,"rsi":"37.16","signal":"WAIT","score":88}}
{"timestamp":"2026-03-25T18:17:13.986Z","type":"ERROR","message":"Erro ao executar ordem BUY ETHUSDT","data":{"quantity":0.1459,"detail":{"code":-2010,"msg":"Account has insufficient balance for requested action."}}}
{"timestamp":"2026-03-25T18:17:13.987Z","type":"ERROR","message":"Erro ao comprar ETHUSDT","data":{"message":"Request failed with status code 400"}}
{"timestamp":"2026-03-25T18:30:18.180Z","type":"INFO","message":"Bot multi-par arrancado","data":{"pairs":["BTCUSDT","ETHUSDT","BNBUSDT"]}}
{"timestamp":"2026-03-25T18:31:23.353Z","type":"INFO","message":"Bot multi-par arrancado","data":{"pairs":["BTCUSDT","ETHUSDT","BNBUSDT"]}}
{"timestamp":"2026-03-25T18:31:24.112Z","type":"INFO","message":"Saldo obtido com sucesso","data":{"balance":114.6021923}}
{"timestamp":"2026-03-25T18:31:24.113Z","type":"INFO","message":"Saldo inicial recuperado","data":{"initialBalance":285.3170693}}
{"timestamp":"2026-03-25T18:31:24.113Z","type":"INFO","message":"Saldo inicial do dia definido","data":{"balance":114.6021923}}
{"timestamp":"2026-03-25T18:31:24.938Z","type":"INFO","message":"Fear & Greed Index","data":{"value":14,"classification":"Extreme Fear"}}
{"timestamp":"2026-03-25T18:31:25.063Z","type":"INFO","message":"Sem notícias disponíveis","data":null}
{"timestamp":"2026-03-25T18:31:25.063Z","type":"INFO","message":"Ciclo iniciado","data":{"balance":"114.60","fearGreed":14,"newsSignal":"NEUTRAL"}}
{"timestamp":"2026-03-25T18:31:25.808Z","type":"INFO","message":"Análise BTCUSDT","data":{"interval":"1h","price":70942.79,"rsi":"49.69","signal":"WAIT","score":76}}
{"timestamp":"2026-03-25T18:31:25.822Z","type":"INFO","message":"Análise BNBUSDT","data":{"interval":"1h","price":645.92,"rsi":"57.24","signal":"WAIT","score":76}}
{"timestamp":"2026-03-25T18:31:25.824Z","type":"INFO","message":"Análise ETHUSDT","data":{"interval":"30m","price":2168.86,"rsi":"39.71","signal":"WAIT","score":88}}
{"timestamp":"2026-03-25T18:31:26.077Z","type":"ERROR","message":"Erro ao executar ordem BUY ETHUSDT","data":{"quantity":0.146,"detail":{"code":-2010,"msg":"Account has insufficient balance for requested action."}}}
{"timestamp":"2026-03-25T18:31:26.078Z","type":"ERROR","message":"Erro ao comprar ETHUSDT","data":{"message":"Request failed with status code 400"}}
{"timestamp":"2026-03-25T19:01:25.979Z","type":"INFO","message":"Fear & Greed Index","data":{"value":14,"classification":"Extreme Fear"}}
{"timestamp":"2026-03-25T19:01:26.091Z","type":"INFO","message":"Sem notícias disponíveis","data":null}
{"timestamp":"2026-03-25T19:01:26.091Z","type":"INFO","message":"Ciclo iniciado","data":{"balance":"29.15","fearGreed":14,"newsSignal":"NEUTRAL"}}
{"timestamp":"2026-03-25T19:01:26.092Z","type":"WARN","message":"LIMITE DE PERDA DIÁRIA ATINGIDO — bot pausado","data":{"dailyStartBalance":114.6021923,"currentBalance":29.1534423,"lossPercent":"74.56%"}}
{"timestamp":"2026-03-25T19:02:12.921Z","type":"ERROR","message":"Erro ao iniciar base de dados","data":{"message":"The server does not support SSL connections"}}
{"timestamp":"2026-03-25T19:02:12.925Z","type":"ERROR","message":"Erro ao guardar estado","data":{"key":"positions","message":"The server does not support SSL connections"}}
{"timestamp":"2026-03-25T19:03:49.360Z","type":"ERROR","message":"Erro ao iniciar base de dados","data":{"message":"database \"ruialmeida\" does not exist"}}
{"timestamp":"2026-03-25T19:03:49.365Z","type":"ERROR","message":"Erro ao guardar estado","data":{"key":"positions","message":"database \"ruialmeida\" does not exist"}}
{"timestamp":"2026-03-25T19:06:03.811Z","type":"INFO","message":"Base de dados iniciada","data":null}
{"timestamp":"2026-03-25T19:13:52.457Z","type":"INFO","message":"Base de dados iniciada","data":null}
{"timestamp":"2026-03-25T19:31:26.315Z","type":"INFO","message":"Fear & Greed Index","data":{"value":14,"classification":"Extreme Fear"}}
{"timestamp":"2026-03-25T19:31:26.429Z","type":"INFO","message":"Sem notícias disponíveis","data":null}
{"timestamp":"2026-03-25T19:31:26.430Z","type":"INFO","message":"Ciclo iniciado","data":{"balance":"29.15","fearGreed":14,"newsSignal":"NEUTRAL"}}
{"timestamp":"2026-03-25T19:31:26.431Z","type":"WARN","message":"LIMITE DE PERDA DIÁRIA ATINGIDO — bot pausado","data":{"dailyStartBalance":114.6021923,"currentBalance":29.1534423,"lossPercent":"74.56%"}}
{"timestamp":"2026-03-25T20:01:26.028Z","type":"INFO","message":"Fear & Greed Index","data":{"value":14,"classification":"Extreme Fear"}}
{"timestamp":"2026-03-25T20:01:26.141Z","type":"INFO","message":"Sem notícias disponíveis","data":null}
{"timestamp":"2026-03-25T20:01:26.142Z","type":"INFO","message":"Ciclo iniciado","data":{"balance":"29.15","fearGreed":14,"newsSignal":"NEUTRAL"}}
{"timestamp":"2026-03-25T20:01:26.142Z","type":"WARN","message":"LIMITE DE PERDA DIÁRIA ATINGIDO — bot pausado","data":{"dailyStartBalance":114.6021923,"currentBalance":29.1534423,"lossPercent":"74.56%"}}
{"timestamp":"2026-03-25T20:31:26.488Z","type":"INFO","message":"Fear & Greed Index","data":{"value":14,"classification":"Extreme Fear"}}
{"timestamp":"2026-03-25T20:31:26.598Z","type":"INFO","message":"Sem notícias disponíveis","data":null}
{"timestamp":"2026-03-25T20:31:26.598Z","type":"INFO","message":"Ciclo iniciado","data":{"balance":"29.15","fearGreed":14,"newsSignal":"NEUTRAL"}}
{"timestamp":"2026-03-25T20:31:26.600Z","type":"WARN","message":"LIMITE DE PERDA DIÁRIA ATINGIDO — bot pausado","data":{"dailyStartBalance":114.6021923,"currentBalance":29.1534423,"lossPercent":"74.56%"}}
{"timestamp":"2026-03-25T21:01:26.004Z","type":"INFO","message":"Fear & Greed Index","data":{"value":14,"classification":"Extreme Fear"}}
{"timestamp":"2026-03-25T21:01:26.192Z","type":"INFO","message":"Sem notícias disponíveis","data":null}
{"timestamp":"2026-03-25T21:01:26.193Z","type":"INFO","message":"Ciclo iniciado","data":{"balance":"29.15","fearGreed":14,"newsSignal":"NEUTRAL"}}
{"timestamp":"2026-03-25T21:01:26.194Z","type":"WARN","message":"LIMITE DE PERDA DIÁRIA ATINGIDO — bot pausado","data":{"dailyStartBalance":114.6021923,"currentBalance":29.1534423,"lossPercent":"74.56%"}}
{"timestamp":"2026-03-25T21:31:26.046Z","type":"INFO","message":"Fear & Greed Index","data":{"value":14,"classification":"Extreme Fear"}}
{"timestamp":"2026-03-25T21:31:26.153Z","type":"INFO","message":"Sem notícias disponíveis","data":null}
{"timestamp":"2026-03-25T21:31:26.153Z","type":"INFO","message":"Ciclo iniciado","data":{"balance":"29.15","fearGreed":14,"newsSignal":"NEUTRAL"}}
{"timestamp":"2026-03-25T21:31:26.154Z","type":"WARN","message":"LIMITE DE PERDA DIÁRIA ATINGIDO — bot pausado","data":{"dailyStartBalance":114.6021923,"currentBalance":29.1534423,"lossPercent":"74.56%"}}
{"timestamp":"2026-03-25T22:01:25.989Z","type":"INFO","message":"Fear & Greed Index","data":{"value":14,"classification":"Extreme Fear"}}
{"timestamp":"2026-03-25T22:01:26.097Z","type":"INFO","message":"Sem notícias disponíveis","data":null}
{"timestamp":"2026-03-25T22:01:26.098Z","type":"INFO","message":"Ciclo iniciado","data":{"balance":"29.15","fearGreed":14,"newsSignal":"NEUTRAL"}}
{"timestamp":"2026-03-25T22:01:26.099Z","type":"WARN","message":"LIMITE DE PERDA DIÁRIA ATINGIDO — bot pausado","data":{"dailyStartBalance":114.6021923,"currentBalance":29.1534423,"lossPercent":"74.56%"}}
{"timestamp":"2026-03-25T22:31:26.048Z","type":"INFO","message":"Fear & Greed Index","data":{"value":14,"classification":"Extreme Fear"}}
{"timestamp":"2026-03-25T22:31:26.150Z","type":"INFO","message":"Sem notícias disponíveis","data":null}
{"timestamp":"2026-03-25T22:31:26.151Z","type":"INFO","message":"Ciclo iniciado","data":{"balance":"29.15","fearGreed":14,"newsSignal":"NEUTRAL"}}
{"timestamp":"2026-03-25T22:31:26.152Z","type":"WARN","message":"LIMITE DE PERDA DIÁRIA ATINGIDO — bot pausado","data":{"dailyStartBalance":114.6021923,"currentBalance":29.1534423,"lossPercent":"74.56%"}}
{"timestamp":"2026-03-25T23:01:26.091Z","type":"INFO","message":"Fear & Greed Index","data":{"value":14,"classification":"Extreme Fear"}}
{"timestamp":"2026-03-25T23:01:26.198Z","type":"INFO","message":"Sem notícias disponíveis","data":null}
{"timestamp":"2026-03-25T23:01:26.199Z","type":"INFO","message":"Ciclo iniciado","data":{"balance":"29.15","fearGreed":14,"newsSignal":"NEUTRAL"}}
{"timestamp":"2026-03-25T23:01:26.200Z","type":"WARN","message":"LIMITE DE PERDA DIÁRIA ATINGIDO — bot pausado","data":{"dailyStartBalance":114.6021923,"currentBalance":29.1534423,"lossPercent":"74.56%"}}
{"timestamp":"2026-03-25T23:31:26.029Z","type":"INFO","message":"Fear & Greed Index","data":{"value":14,"classification":"Extreme Fear"}}
{"timestamp":"2026-03-25T23:31:26.140Z","type":"INFO","message":"Sem notícias disponíveis","data":null}
{"timestamp":"2026-03-25T23:31:26.140Z","type":"INFO","message":"Ciclo iniciado","data":{"balance":"29.15","fearGreed":14,"newsSignal":"NEUTRAL"}}
{"timestamp":"2026-03-25T23:31:26.141Z","type":"WARN","message":"LIMITE DE PERDA DIÁRIA ATINGIDO — bot pausado","data":{"dailyStartBalance":114.6021923,"currentBalance":29.1534423,"lossPercent":"74.56%"}}
{"timestamp":"2026-03-26T00:01:26.081Z","type":"INFO","message":"Fear & Greed Index","data":{"value":10,"classification":"Extreme Fear"}}
{"timestamp":"2026-03-26T00:01:26.188Z","type":"INFO","message":"Sem notícias disponíveis","data":null}
{"timestamp":"2026-03-26T00:01:26.188Z","type":"INFO","message":"Ciclo iniciado","data":{"balance":"29.15","fearGreed":10,"newsSignal":"NEUTRAL"}}
{"timestamp":"2026-03-26T00:01:26.189Z","type":"WARN","message":"LIMITE DE PERDA DIÁRIA ATINGIDO — bot pausado","data":{"dailyStartBalance":114.6021923,"currentBalance":29.1534423,"lossPercent":"74.56%"}}
{"timestamp":"2026-03-26T00:31:26.078Z","type":"INFO","message":"Fear & Greed Index","data":{"value":10,"classification":"Extreme Fear"}}
{"timestamp":"2026-03-26T00:31:26.183Z","type":"INFO","message":"Sem notícias disponíveis","data":null}
{"timestamp":"2026-03-26T00:31:26.184Z","type":"INFO","message":"Ciclo iniciado","data":{"balance":"29.15","fearGreed":10,"newsSignal":"NEUTRAL"}}
{"timestamp":"2026-03-26T00:31:26.184Z","type":"WARN","message":"LIMITE DE PERDA DIÁRIA ATINGIDO — bot pausado","data":{"dailyStartBalance":114.6021923,"currentBalance":29.1534423,"lossPercent":"74.56%"}}
{"timestamp":"2026-03-26T01:01:26.112Z","type":"INFO","message":"Fear & Greed Index","data":{"value":10,"classification":"Extreme Fear"}}
{"timestamp":"2026-03-26T01:01:26.215Z","type":"INFO","message":"Sem notícias disponíveis","data":null}
{"timestamp":"2026-03-26T01:01:26.216Z","type":"INFO","message":"Ciclo iniciado","data":{"balance":"29.15","fearGreed":10,"newsSignal":"NEUTRAL"}}
{"timestamp":"2026-03-26T01:01:26.217Z","type":"WARN","message":"LIMITE DE PERDA DIÁRIA ATINGIDO — bot pausado","data":{"dailyStartBalance":114.6021923,"currentBalance":29.1534423,"lossPercent":"74.56%"}}
{"timestamp":"2026-03-26T01:31:26.143Z","type":"INFO","message":"Fear & Greed Index","data":{"value":10,"classification":"Extreme Fear"}}
{"timestamp":"2026-03-26T01:31:26.674Z","type":"INFO","message":"Sem notícias disponíveis","data":null}
{"timestamp":"2026-03-26T01:31:26.675Z","type":"INFO","message":"Ciclo iniciado","data":{"balance":"29.15","fearGreed":10,"newsSignal":"NEUTRAL"}}
{"timestamp":"2026-03-26T01:31:26.677Z","type":"WARN","message":"LIMITE DE PERDA DIÁRIA ATINGIDO — bot pausado","data":{"dailyStartBalance":114.6021923,"currentBalance":29.1534423,"lossPercent":"74.56%"}}
{"timestamp":"2026-03-26T02:01:26.172Z","type":"INFO","message":"Fear & Greed Index","data":{"value":10,"classification":"Extreme Fear"}}
{"timestamp":"2026-03-26T02:01:26.277Z","type":"INFO","message":"Sem notícias disponíveis","data":null}
{"timestamp":"2026-03-26T02:01:26.277Z","type":"INFO","message":"Ciclo iniciado","data":{"balance":"29.15","fearGreed":10,"newsSignal":"NEUTRAL"}}
{"timestamp":"2026-03-26T02:01:26.278Z","type":"WARN","message":"LIMITE DE PERDA DIÁRIA ATINGIDO — bot pausado","data":{"dailyStartBalance":114.6021923,"currentBalance":29.1534423,"lossPercent":"74.56%"}}
{"timestamp":"2026-03-26T02:31:26.205Z","type":"INFO","message":"Fear & Greed Index","data":{"value":10,"classification":"Extreme Fear"}}
{"timestamp":"2026-03-26T02:31:26.324Z","type":"INFO","message":"Sem notícias disponíveis","data":null}
{"timestamp":"2026-03-26T02:31:26.324Z","type":"INFO","message":"Ciclo iniciado","data":{"balance":"29.15","fearGreed":10,"newsSignal":"NEUTRAL"}}
{"timestamp":"2026-03-26T02:31:26.325Z","type":"WARN","message":"LIMITE DE PERDA DIÁRIA ATINGIDO — bot pausado","data":{"dailyStartBalance":114.6021923,"currentBalance":29.1534423,"lossPercent":"74.56%"}}
{"timestamp":"2026-03-26T03:01:26.150Z","type":"INFO","message":"Fear & Greed Index","data":{"value":10,"classification":"Extreme Fear"}}
{"timestamp":"2026-03-26T03:01:26.252Z","type":"INFO","message":"Sem notícias disponíveis","data":null}
{"timestamp":"2026-03-26T03:01:26.253Z","type":"INFO","message":"Ciclo iniciado","data":{"balance":"4282.13","fearGreed":10,"newsSignal":"NEUTRAL"}}
{"timestamp":"2026-03-26T03:01:26.992Z","type":"INFO","message":"Análise BTCUSDT","data":{"interval":"1h","price":70835.46,"rsi":"37.49","signal":"WAIT","score":88}}
{"timestamp":"2026-03-26T03:01:27.000Z","type":"INFO","message":"Análise BNBUSDT","data":{"interval":"1h","price":643.21,"rsi":"31.11","signal":"WAIT","score":100}}
{"timestamp":"2026-03-26T03:01:27.455Z","type":"INFO","message":"Análise ETHUSDT","data":{"interval":"30m","price":2148.96,"rsi":"36.84","signal":"WAIT","score":88}}
{"timestamp":"2026-03-26T03:01:27.707Z","type":"TRADE","message":"Ordem executada: BUY BNBUSDT","data":{"symbol":"BNBUSDT","quantity":0.492,"orderId":7330491}}
{"timestamp":"2026-03-26T03:01:28.254Z","type":"TRADE","message":"Ordem executada: BUY BTCUSDT","data":{"symbol":"BTCUSDT","quantity":0.00447,"orderId":23658223}}
{"timestamp":"2026-03-26T03:31:26.153Z","type":"INFO","message":"Fear & Greed Index","data":{"value":10,"classification":"Extreme Fear"}}
{"timestamp":"2026-03-26T03:31:26.623Z","type":"INFO","message":"Sem notícias disponíveis","data":null}
{"timestamp":"2026-03-26T03:31:26.623Z","type":"INFO","message":"Ciclo iniciado","data":{"balance":"3568.31","fearGreed":10,"newsSignal":"NEUTRAL"}}
{"timestamp":"2026-03-26T03:31:27.376Z","type":"INFO","message":"Análise ETHUSDT","data":{"interval":"30m","price":2147.48,"rsi":"28.19","signal":"WAIT","score":100}}
{"timestamp":"2026-03-26T03:31:27.378Z","type":"INFO","message":"Análise BNBUSDT","data":{"interval":"1h","price":642.28,"rsi":"29.44","signal":"WAIT","score":100}}
{"timestamp":"2026-03-26T03:31:27.817Z","type":"INFO","message":"Análise BTCUSDT","data":{"interval":"1h","price":70756.8,"rsi":"36.46","signal":"WAIT","score":88}}
{"timestamp":"2026-03-26T03:31:27.819Z","type":"INFO","message":"Trailing Stop-Loss actualizado","data":{"oldStop":"69064.57","newStop":"69907.72","currentPrice":"70756.80"}}
{"timestamp":"2026-03-26T03:31:27.822Z","type":"INFO","message":"Trailing Stop-Loss actualizado","data":{"oldStop":"627.13","newStop":"634.57","currentPrice":"642.28"}}
{"timestamp":"2026-03-26T03:31:28.069Z","type":"TRADE","message":"Ordem executada: BUY ETHUSDT","data":{"symbol":"ETHUSDT","quantity":0.14,"orderId":13938762}}
{"timestamp":"2026-03-26T04:01:26.199Z","type":"INFO","message":"Fear & Greed Index","data":{"value":10,"classification":"Extreme Fear"}}
{"timestamp":"2026-03-26T04:01:26.302Z","type":"INFO","message":"Sem notícias disponíveis","data":null}
{"timestamp":"2026-03-26T04:01:26.303Z","type":"INFO","message":"Ciclo iniciado","data":{"balance":"3267.66","fearGreed":10,"newsSignal":"NEUTRAL"}}
{"timestamp":"2026-03-26T04:01:27.040Z","type":"INFO","message":"Análise BTCUSDT","data":{"interval":"1h","price":70899.57,"rsi":"43.38","signal":"WAIT","score":88}}
{"timestamp":"2026-03-26T04:01:27.058Z","type":"INFO","message":"Análise ETHUSDT","data":{"interval":"30m","price":2153.22,"rsi":"38.55","signal":"WAIT","score":88}}
{"timestamp":"2026-03-26T04:01:27.521Z","type":"INFO","message":"Análise BNBUSDT","data":{"interval":"1h","price":642.84,"rsi":"34.43","signal":"WAIT","score":100}}
{"timestamp":"2026-03-26T04:01:27.523Z","type":"INFO","message":"Trailing Stop-Loss actualizado","data":{"oldStop":"69907.72","newStop":"70048.78","currentPrice":"70899.57"}}
{"timestamp":"2026-03-26T04:01:27.524Z","type":"INFO","message":"Trailing Stop-Loss actualizado","data":{"oldStop":"2093.79","newStop":"2127.38","currentPrice":"2153.22"}}
{"timestamp":"2026-03-26T04:01:27.525Z","type":"INFO","message":"Trailing Stop-Loss actualizado","data":{"oldStop":"634.57","newStop":"635.13","currentPrice":"642.84"}}
{"timestamp":"2026-03-26T04:31:26.683Z","type":"INFO","message":"Fear & Greed Index","data":{"value":10,"classification":"Extreme Fear"}}
{"timestamp":"2026-03-26T04:31:26.845Z","type":"INFO","message":"Sem notícias disponíveis","data":null}
{"timestamp":"2026-03-26T04:31:26.846Z","type":"INFO","message":"Ciclo iniciado","data":{"balance":"3267.66","fearGreed":10,"newsSignal":"NEUTRAL"}}
{"timestamp":"2026-03-26T04:31:27.586Z","type":"INFO","message":"Análise BTCUSDT","data":{"interval":"1h","price":70891.59,"rsi":"43.20","signal":"WAIT","score":88}}
{"timestamp":"2026-03-26T04:31:28.050Z","type":"INFO","message":"Análise ETHUSDT","data":{"interval":"30m","price":2153.18,"rsi":"38.63","signal":"WAIT","score":88}}
{"timestamp":"2026-03-26T04:31:28.359Z","type":"INFO","message":"Análise BNBUSDT","data":{"interval":"1h","price":642.53,"rsi":"33.73","signal":"WAIT","score":100}}
{"timestamp":"2026-03-26T05:01:26.237Z","type":"INFO","message":"Fear & Greed Index","data":{"value":10,"classification":"Extreme Fear"}}
{"timestamp":"2026-03-26T05:01:26.357Z","type":"INFO","message":"Sem notícias disponíveis","data":null}
{"timestamp":"2026-03-26T05:01:26.358Z","type":"INFO","message":"Ciclo iniciado","data":{"balance":"3267.66","fearGreed":10,"newsSignal":"NEUTRAL"}}
{"timestamp":"2026-03-26T05:01:27.093Z","type":"INFO","message":"Análise BTCUSDT","data":{"interval":"1h","price":70796.31,"rsi":"49.03","signal":"WAIT","score":76}}
{"timestamp":"2026-03-26T05:01:27.105Z","type":"INFO","message":"Análise BNBUSDT","data":{"interval":"1h","price":642.39,"rsi":"37.57","signal":"WAIT","score":100}}
{"timestamp":"2026-03-26T05:01:28.025Z","type":"INFO","message":"Análise ETHUSDT","data":{"interval":"30m","price":2150.89,"rsi":"37.49","signal":"WAIT","score":88}}
{"timestamp":"2026-03-26T05:31:26.155Z","type":"INFO","message":"Fear & Greed Index","data":{"value":10,"classification":"Extreme Fear"}}
{"timestamp":"2026-03-26T05:31:26.262Z","type":"INFO","message":"Sem notícias disponíveis","data":null}
{"timestamp":"2026-03-26T05:31:26.263Z","type":"INFO","message":"Ciclo iniciado","data":{"balance":"3267.66","fearGreed":10,"newsSignal":"NEUTRAL"}}
{"timestamp":"2026-03-26T05:31:26.999Z","type":"INFO","message":"Análise BTCUSDT","data":{"interval":"1h","price":70536.5,"rsi":"43.88","signal":"WAIT","score":88}}
{"timestamp":"2026-03-26T05:31:27.479Z","type":"INFO","message":"Análise BNBUSDT","data":{"interval":"1h","price":639.21,"rsi":"30.44","signal":"WAIT","score":100}}
{"timestamp":"2026-03-26T05:31:27.488Z","type":"INFO","message":"Análise ETHUSDT","data":{"interval":"30m","price":2141.18,"rsi":"14.75","signal":"WAIT","score":100}}
{"timestamp":"2026-03-26T06:01:26.151Z","type":"INFO","message":"Fear & Greed Index","data":{"value":10,"classification":"Extreme Fear"}}
{"timestamp":"2026-03-26T06:01:26.251Z","type":"INFO","message":"Sem notícias disponíveis","data":null}
{"timestamp":"2026-03-26T06:01:26.251Z","type":"INFO","message":"Ciclo iniciado","data":{"balance":"3267.66","fearGreed":10,"newsSignal":"NEUTRAL"}}
{"timestamp":"2026-03-26T06:01:26.995Z","type":"INFO","message":"Análise BTCUSDT","data":{"interval":"1h","price":69958.23,"rsi":"23.16","signal":"WAIT","score":100}}
{"timestamp":"2026-03-26T06:01:27.449Z","type":"INFO","message":"Análise BNBUSDT","data":{"interval":"1h","price":634.78,"rsi":"17.58","signal":"WAIT","score":100}}
{"timestamp":"2026-03-26T06:01:27.466Z","type":"INFO","message":"Análise ETHUSDT","data":{"interval":"30m","price":2116.45,"rsi":"9.93","signal":"WAIT","score":100}}
{"timestamp":"2026-03-26T06:01:27.711Z","type":"TRADE","message":"Ordem executada: SELL BTCUSDT","data":{"symbol":"BTCUSDT","quantity":0.00447,"orderId":23709723}}
{"timestamp":"2026-03-26T06:01:28.251Z","type":"TRADE","message":"Ordem executada: SELL ETHUSDT","data":{"symbol":"ETHUSDT","quantity":0.14,"orderId":13969464}}
{"timestamp":"2026-03-26T06:01:28.727Z","type":"TRADE","message":"Ordem executada: SELL BNBUSDT","data":{"symbol":"BNBUSDT","quantity":0.492,"orderId":7347144}}
{"timestamp":"2026-03-26T06:01:29.158Z","type":"TRADE","message":"Ordem executada: BUY BTCUSDT","data":{"symbol":"BTCUSDT","quantity":0.00452,"orderId":23709724}}
{"timestamp":"2026-03-26T06:01:30.031Z","type":"TRADE","message":"Ordem executada: BUY ETHUSDT","data":{"symbol":"ETHUSDT","quantity":0.1496,"orderId":13969466}}
{"timestamp":"2026-03-26T06:31:26.252Z","type":"INFO","message":"Fear & Greed Index","data":{"value":10,"classification":"Extreme Fear"}}
{"timestamp":"2026-03-26T06:31:26.351Z","type":"INFO","message":"Sem notícias disponíveis","data":null}
{"timestamp":"2026-03-26T06:31:26.352Z","type":"INFO","message":"Ciclo iniciado","data":{"balance":"3562.49","fearGreed":10,"newsSignal":"NEUTRAL"}}
{"timestamp":"2026-03-26T06:31:27.105Z","type":"INFO","message":"Análise BNBUSDT","data":{"interval":"1h","price":634.45,"rsi":"17.24","signal":"WAIT","score":100}}
{"timestamp":"2026-03-26T06:31:27.551Z","type":"INFO","message":"Análise BTCUSDT","data":{"interval":"1h","price":70030,"rsi":"24.10","signal":"WAIT","score":100}}
{"timestamp":"2026-03-26T06:31:27.555Z","type":"INFO","message":"Análise ETHUSDT","data":{"interval":"30m","price":2121.9,"rsi":"15.21","signal":"WAIT","score":100}}
{"timestamp":"2026-03-26T06:31:27.556Z","type":"INFO","message":"Trailing Stop-Loss actualizado","data":{"oldStop":"68209.27","newStop":"69189.64","currentPrice":"70030.00"}}
{"timestamp":"2026-03-26T06:31:27.557Z","type":"INFO","message":"Trailing Stop-Loss actualizado","data":{"oldStop":"2063.54","newStop":"2096.44","currentPrice":"2121.90"}}
{"timestamp":"2026-03-26T06:31:27.805Z","type":"TRADE","message":"Ordem executada: BUY BNBUSDT","data":{"symbol":"BNBUSDT","quantity":0.474,"orderId":7350492}}
{"timestamp":"2026-03-26T07:01:26.332Z","type":"INFO","message":"Fear & Greed Index","data":{"value":10,"classification":"Extreme Fear"}}
{"timestamp":"2026-03-26T07:01:26.443Z","type":"INFO","message":"Sem notícias disponíveis","data":null}
{"timestamp":"2026-03-26T07:01:26.444Z","type":"INFO","message":"Ciclo iniciado","data":{"balance":"3260.36","fearGreed":10,"newsSignal":"NEUTRAL"}}
{"timestamp":"2026-03-26T07:01:27.181Z","type":"INFO","message":"Análise BTCUSDT","data":{"interval":"1h","price":70049.92,"rsi":"32.28","signal":"WAIT","score":100}}
{"timestamp":"2026-03-26T07:01:27.197Z","type":"INFO","message":"Análise BNBUSDT","data":{"interval":"1h","price":634.93,"rsi":"20.37","signal":"WAIT","score":100}}
{"timestamp":"2026-03-26T07:01:27.199Z","type":"INFO","message":"Análise ETHUSDT","data":{"interval":"30m","price":2120.75,"rsi":"15.73","signal":"WAIT","score":100}}
{"timestamp":"2026-03-26T07:01:27.200Z","type":"INFO","message":"Trailing Stop-Loss actualizado","data":{"oldStop":"69189.64","newStop":"69209.32","currentPrice":"70049.92"}}
{"timestamp":"2026-03-26T07:01:27.201Z","type":"INFO","message":"Trailing Stop-Loss actualizado","data":{"oldStop":"618.59","newStop":"627.31","currentPrice":"634.93"}}
{"timestamp":"2026-03-26T07:31:26.327Z","type":"INFO","message":"Fear & Greed Index","data":{"value":10,"classification":"Extreme Fear"}}
{"timestamp":"2026-03-26T07:31:26.427Z","type":"INFO","message":"Sem notícias disponíveis","data":null}
{"timestamp":"2026-03-26T07:31:26.428Z","type":"INFO","message":"Ciclo iniciado","data":{"balance":"3260.36","fearGreed":10,"newsSignal":"NEUTRAL"}}
{"timestamp":"2026-03-26T07:31:27.184Z","type":"INFO","message":"Análise BNBUSDT","data":{"interval":"1h","price":634.65,"rsi":"20.05","signal":"WAIT","score":100}}
{"timestamp":"2026-03-26T07:31:27.637Z","type":"INFO","message":"Análise ETHUSDT","data":{"interval":"30m","price":2117.48,"rsi":"13.48","signal":"WAIT","score":100}}
{"timestamp":"2026-03-26T07:31:28.072Z","type":"INFO","message":"Análise BTCUSDT","data":{"interval":"1h","price":69967.34,"rsi":"31.03","signal":"WAIT","score":100}}
{"timestamp":"2026-03-26T08:01:26.140Z","type":"INFO","message":"Fear & Greed Index","data":{"value":10,"classification":"Extreme Fear"}}
{"timestamp":"2026-03-26T08:01:26.240Z","type":"INFO","message":"Sem notícias disponíveis","data":null}
{"timestamp":"2026-03-26T08:01:26.241Z","type":"INFO","message":"Ciclo iniciado","data":{"balance":"3260.36","fearGreed":10,"newsSignal":"NEUTRAL"}}
{"timestamp":"2026-03-26T08:01:26.980Z","type":"INFO","message":"Análise BTCUSDT","data":{"interval":"1h","price":70119.98,"rsi":"32.86","signal":"WAIT","score":100}}
{"timestamp":"2026-03-26T08:01:26.993Z","type":"INFO","message":"Análise BNBUSDT","data":{"interval":"1h","price":635.09,"rsi":"20.87","signal":"WAIT","score":100}}
{"timestamp":"2026-03-26T08:01:27.001Z","type":"INFO","message":"Análise ETHUSDT","data":{"interval":"30m","price":2124.12,"rsi":"21.10","signal":"WAIT","score":100}}
{"timestamp":"2026-03-26T08:01:27.002Z","type":"INFO","message":"Trailing Stop-Loss actualizado","data":{"oldStop":"69209.32","newStop":"69278.54","currentPrice":"70119.98"}}
{"timestamp":"2026-03-26T08:01:27.004Z","type":"INFO","message":"Trailing Stop-Loss actualizado","data":{"oldStop":"2096.44","newStop":"2098.63","currentPrice":"2124.12"}}
{"timestamp":"2026-03-26T08:01:27.005Z","type":"INFO","message":"Trailing Stop-Loss actualizado","data":{"oldStop":"627.31","newStop":"627.47","currentPrice":"635.09"}}
{"timestamp":"2026-03-26T08:31:26.222Z","type":"INFO","message":"Fear & Greed Index","data":{"value":10,"classification":"Extreme Fear"}}
{"timestamp":"2026-03-26T08:31:26.326Z","type":"INFO","message":"Sem notícias disponíveis","data":null}
{"timestamp":"2026-03-26T08:31:26.327Z","type":"INFO","message":"Ciclo iniciado","data":{"balance":"3260.36","fearGreed":10,"newsSignal":"NEUTRAL"}}
{"timestamp":"2026-03-26T08:31:27.059Z","type":"INFO","message":"Análise BTCUSDT","data":{"interval":"1h","price":69837.45,"rsi":"28.35","signal":"WAIT","score":100}}
{"timestamp":"2026-03-26T08:31:27.078Z","type":"INFO","message":"Análise BNBUSDT","data":{"interval":"1h","price":632.91,"rsi":"18.66","signal":"WAIT","score":100}}
{"timestamp":"2026-03-26T08:31:27.079Z","type":"INFO","message":"Análise ETHUSDT","data":{"interval":"30m","price":2115.53,"rsi":"18.81","signal":"WAIT","score":100}}
{"timestamp":"2026-03-26T09:01:26.280Z","type":"INFO","message":"Fear & Greed Index","data":{"value":10,"classification":"Extreme Fear"}}
{"timestamp":"2026-03-26T09:01:26.383Z","type":"INFO","message":"Sem notícias disponíveis","data":null}
{"timestamp":"2026-03-26T09:01:26.384Z","type":"INFO","message":"Ciclo iniciado","data":{"balance":"3260.36","fearGreed":10,"newsSignal":"NEUTRAL"}}
{"timestamp":"2026-03-26T09:01:27.139Z","type":"INFO","message":"Análise ETHUSDT","data":{"interval":"30m","price":2117.43,"rsi":"25.41","signal":"WAIT","score":100}}
{"timestamp":"2026-03-26T09:01:27.143Z","type":"INFO","message":"Análise BNBUSDT","data":{"interval":"1h","price":633.23,"rsi":"16.78","signal":"WAIT","score":100}}
{"timestamp":"2026-03-26T09:01:27.573Z","type":"INFO","message":"Análise BTCUSDT","data":{"interval":"1h","price":69956.1,"rsi":"27.73","signal":"WAIT","score":100}}
{"timestamp":"2026-03-26T09:31:26.299Z","type":"INFO","message":"Fear & Greed Index","data":{"value":10,"classification":"Extreme Fear"}}
{"timestamp":"2026-03-26T09:31:26.403Z","type":"INFO","message":"Sem notícias disponíveis","data":null}
{"timestamp":"2026-03-26T09:31:26.404Z","type":"INFO","message":"Ciclo iniciado","data":{"balance":"3260.36","fearGreed":10,"newsSignal":"NEUTRAL"}}
{"timestamp":"2026-03-26T09:31:27.139Z","type":"INFO","message":"Análise BTCUSDT","data":{"interval":"1h","price":69779.45,"rsi":"25.54","signal":"WAIT","score":100}}
{"timestamp":"2026-03-26T09:31:27.152Z","type":"INFO","message":"Análise ETHUSDT","data":{"interval":"30m","price":2102.39,"rsi":"22.47","signal":"WAIT","score":100}}
{"timestamp":"2026-03-26T09:31:27.156Z","type":"INFO","message":"Análise BNBUSDT","data":{"interval":"1h","price":631.25,"rsi":"15.19","signal":"WAIT","score":100}}
{"timestamp":"2026-03-26T10:01:26.295Z","type":"INFO","message":"Fear & Greed Index","data":{"value":10,"classification":"Extreme Fear"}}
{"timestamp":"2026-03-26T10:01:26.396Z","type":"INFO","message":"Sem notícias disponíveis","data":null}
{"timestamp":"2026-03-26T10:01:26.397Z","type":"INFO","message":"Ciclo iniciado","data":{"balance":"3340.16","fearGreed":10,"newsSignal":"NEUTRAL"}}
{"timestamp":"2026-03-26T10:01:27.139Z","type":"INFO","message":"Análise BTCUSDT","data":{"interval":"1h","price":69563.7,"rsi":"19.06","signal":"WAIT","score":100}}
{"timestamp":"2026-03-26T10:01:27.148Z","type":"INFO","message":"Análise BNBUSDT","data":{"interval":"1h","price":629.93,"rsi":"10.16","signal":"WAIT","score":100}}
{"timestamp":"2026-03-26T10:01:27.619Z","type":"INFO","message":"Análise ETHUSDT","data":{"interval":"30m","price":2079.88,"rsi":"18.10","signal":"WAIT","score":100}}
{"timestamp":"2026-03-26T10:01:27.871Z","type":"TRADE","message":"Ordem executada: SELL ETHUSDT","data":{"symbol":"ETHUSDT","quantity":0.1496,"orderId":14019239}}
{"timestamp":"2026-03-26T10:01:28.384Z","type":"TRADE","message":"Ordem executada: BUY ETHUSDT","data":{"symbol":"ETHUSDT","quantity":0.1446,"orderId":14019240}}
{"timestamp":"2026-03-26T10:31:26.309Z","type":"INFO","message":"Fear & Greed Index","data":{"value":10,"classification":"Extreme Fear"}}
{"timestamp":"2026-03-26T10:31:27.282Z","type":"INFO","message":"Sem notícias disponíveis","data":null}
{"timestamp":"2026-03-26T10:31:27.283Z","type":"INFO","message":"Ciclo iniciado","data":{"balance":"3350.56","fearGreed":10,"newsSignal":"NEUTRAL"}}
{"timestamp":"2026-03-26T10:31:28.026Z","type":"INFO","message":"Análise BTCUSDT","data":{"interval":"1h","price":69645.39,"rsi":"21.41","signal":"WAIT","score":100}}
{"timestamp":"2026-03-26T10:31:28.039Z","type":"INFO","message":"Análise ETHUSDT","data":{"interval":"30m","price":2082.36,"rsi":"13.79","signal":"WAIT","score":100}}
{"timestamp":"2026-03-26T10:31:28.042Z","type":"INFO","message":"Análise BNBUSDT","data":{"interval":"1h","price":631.53,"rsi":"15.72","signal":"WAIT","score":100}}
{"timestamp":"2026-03-26T10:31:28.044Z","type":"INFO","message":"Trailing Stop-Loss actualizado","data":{"oldStop":"2027.88","newStop":"2057.37","currentPrice":"2082.36"}}
{"timestamp":"2026-03-26T10:42:06.397Z","type":"INFO","message":"Bot multi-par arrancado","data":{"pairs":["BTCUSDT","ETHUSDT","BNBUSDT"]}}
